# JRE version: OpenJDK Runtime Environment (17.0.6) (build 17.0.6+0-b2043.56-9586694)
# Java VM: OpenJDK 64-Bit Server VM (17.0.6+0-b2043.56-9586694, mixed mode, tiered, compressed oops, compressed class ptrs, g1 gc, windows-amd64)
GC Precious Log:
 CPUs: 4 total, 4 available
 Memory: 24496M
 Large Page Support: Disabled
 NUMA Support: Disabled
 Compressed Oops: Enabled (32-bit)
 Heap Region Size: 1M
 Heap Min Capacity: 8M
 Heap Initial Capacity: 384M
 Heap Max Capacity: 2G
 Pre-touch: Disabled
 Parallel Workers: 4
 Concurrent Workers: 1
 Concurrent Refinement Workers: 4
 Periodic GC: Disabled
Heap:
 garbage-first heap   total 283648K, used 157348K [0x0000000080000000, 0x0000000100000000)
  region size 1024K, 32 young (32768K), 2 survivors (2048K)
 Metaspace       used 132028K, committed 133504K, reserved 1171456K
  class space    used 17627K, committed 18304K, reserved 1048576K
GC Heap History (20 events):
Event: 1745.358 GC heap before
{Heap before GC invocations=54 (full 0):
 garbage-first heap   total 283648K, used 202830K [0x0000000080000000, 0x0000000100000000)
  region size 1024K, 47 young (48128K), 2 survivors (2048K)
 Metaspace       used 129955K, committed 131008K, reserved 1163264K
  class space    used 17336K, committed 17856K, reserved 1048576K
}
Event: 1745.362 GC heap after
{Heap after GC invocations=55 (full 0):
 garbage-first heap   total 283648K, used 153422K [0x0000000080000000, 0x0000000100000000)
  region size 1024K, 3 young (3072K), 3 survivors (3072K)
 Metaspace       used 129955K, committed 131008K, reserved 1163264K
  class space    used 17336K, committed 17856K, reserved 1048576K
}
Event: 1745.363 GC heap before
{Heap before GC invocations=55 (full 0):
 garbage-first heap   total 283648K, used 155470K [0x0000000080000000, 0x0000000100000000)
  region size 1024K, 4 young (4096K), 3 survivors (3072K)
 Metaspace       used 129955K, committed 131008K, reserved 1163264K
  class space    used 17336K, committed 17856K, reserved 1048576K
}
Event: 1745.366 GC heap after
{Heap after GC invocations=56 (full 0):
 garbage-first heap   total 283648K, used 155480K [0x0000000080000000, 0x0000000100000000)
  region size 1024K, 3 young (3072K), 3 survivors (3072K)
 Metaspace       used 129955K, committed 131008K, reserved 1163264K
  class space    used 17336K, committed 17856K, reserved 1048576K
}
Event: 2251.185 GC heap before
{Heap before GC invocations=57 (full 0):
 garbage-first heap   total 283648K, used 239448K [0x0000000080000000, 0x0000000100000000)
  region size 1024K, 83 young (84992K), 3 survivors (3072K)
 Metaspace       used 130234K, committed 131328K, reserved 1163264K
  class space    used 17337K, committed 17856K, reserved 1048576K
}
Event: 2251.195 GC heap after
{Heap after GC invocations=58 (full 0):
 garbage-first heap   total 283648K, used 151975K [0x0000000080000000, 0x0000000100000000)
  region size 1024K, 10 young (10240K), 10 survivors (10240K)
 Metaspace       used 130234K, committed 131328K, reserved 1163264K
  class space    used 17337K, committed 17856K, reserved 1048576K
}
Event: 2251.201 GC heap before
{Heap before GC invocations=58 (full 0):
 garbage-first heap   total 283648K, used 155047K [0x0000000080000000, 0x0000000100000000)
  region size 1024K, 13 young (13312K), 10 survivors (10240K)
 Metaspace       used 130243K, committed 131328K, reserved 1163264K
  class space    used 17337K, committed 17856K, reserved 1048576K
}
Event: 2251.212 GC heap after
{Heap after GC invocations=59 (full 0):
 garbage-first heap   total 283648K, used 139675K [0x0000000080000000, 0x0000000100000000)
  region size 1024K, 2 young (2048K), 2 survivors (2048K)
 Metaspace       used 130243K, committed 131328K, reserved 1163264K
  class space    used 17337K, committed 17856K, reserved 1048576K
}
Event: 2252.648 GC heap before
{Heap before GC invocations=59 (full 0):
 garbage-first heap   total 283648K, used 155035K [0x0000000080000000, 0x0000000100000000)
  region size 1024K, 19 young (19456K), 2 survivors (2048K)
 Metaspace       used 130449K, committed 131520K, reserved 1163264K
  class space    used 17341K, committed 17856K, reserved 1048576K
}
Event: 2252.650 GC heap after
{Heap after GC invocations=60 (full 0):
 garbage-first heap   total 283648K, used 139617K [0x0000000080000000, 0x0000000100000000)
  region size 1024K, 2 young (2048K), 2 survivors (2048K)
 Metaspace       used 130449K, committed 131520K, reserved 1163264K
  class space    used 17341K, committed 17856K, reserved 1048576K
}
Event: 2285.619 GC heap before
{Heap before GC invocations=61 (full 0):
 garbage-first heap   total 283648K, used 248161K [0x0000000080000000, 0x0000000100000000)
  region size 1024K, 91 young (93184K), 2 survivors (2048K)
 Metaspace       used 131599K, committed 133056K, reserved 1171456K
  class space    used 17582K, committed 18240K, reserved 1048576K
}
Event: 2285.629 GC heap after
{Heap after GC invocations=62 (full 0):
 garbage-first heap   total 283648K, used 146735K [0x0000000080000000, 0x0000000100000000)
  region size 1024K, 11 young (11264K), 11 survivors (11264K)
 Metaspace       used 131599K, committed 133056K, reserved 1171456K
  class space    used 17582K, committed 18240K, reserved 1048576K
}
Event: 2285.640 GC heap before
{Heap before GC invocations=62 (full 0):
 garbage-first heap   total 283648K, used 148783K [0x0000000080000000, 0x0000000100000000)
  region size 1024K, 13 young (13312K), 11 survivors (11264K)
 Metaspace       used 131617K, committed 133056K, reserved 1171456K
  class space    used 17582K, committed 18240K, reserved 1048576K
}
Event: 2285.661 GC heap after
{Heap after GC invocations=63 (full 0):
 garbage-first heap   total 283648K, used 132260K [0x0000000080000000, 0x0000000100000000)
  region size 1024K, 2 young (2048K), 2 survivors (2048K)
 Metaspace       used 131617K, committed 133056K, reserved 1171456K
  class space    used 17582K, committed 18240K, reserved 1048576K
}
Event: 2285.723 GC heap before
{Heap before GC invocations=63 (full 0):
 garbage-first heap   total 283648K, used 136356K [0x0000000080000000, 0x0000000100000000)
  region size 1024K, 7 young (7168K), 2 survivors (2048K)
 Metaspace       used 131630K, committed 133056K, reserved 1171456K
  class space    used 17582K, committed 18240K, reserved 1048576K
}
Event: 2285.725 GC heap after
{Heap after GC invocations=64 (full 0):
 garbage-first heap   total 283648K, used 131230K [0x0000000080000000, 0x0000000100000000)
  region size 1024K, 1 young (1024K), 1 survivors (1024K)
 Metaspace       used 131630K, committed 133056K, reserved 1171456K
  class space    used 17582K, committed 18240K, reserved 1048576K
}
Event: 2305.010 GC heap before
{Heap before GC invocations=65 (full 0):
 garbage-first heap   total 283648K, used 253086K [0x0000000080000000, 0x0000000100000000)
  region size 1024K, 100 young (102400K), 1 survivors (1024K)
 Metaspace       used 131789K, committed 133184K, reserved 1171456K
  class space    used 17583K, committed 18240K, reserved 1048576K
}
Event: 2305.014 GC heap after
{Heap after GC invocations=66 (full 0):
 garbage-first heap   total 283648K, used 133061K [0x0000000080000000, 0x0000000100000000)
  region size 1024K, 3 young (3072K), 3 survivors (3072K)
 Metaspace       used 131789K, committed 133184K, reserved 1171456K
  class space    used 17583K, committed 18240K, reserved 1048576K
}
Event: 2305.321 GC heap before
{Heap before GC invocations=66 (full 0):
 garbage-first heap   total 283648K, used 143301K [0x0000000080000000, 0x0000000100000000)
  region size 1024K, 13 young (13312K), 3 survivors (3072K)
 Metaspace       used 131822K, committed 133184K, reserved 1171456K
  class space    used 17583K, committed 18240K, reserved 1048576K
}
Event: 2305.330 GC heap after
{Heap after GC invocations=67 (full 0):
 garbage-first heap   total 283648K, used 127652K [0x0000000080000000, 0x0000000100000000)
  region size 1024K, 2 young (2048K), 2 survivors (2048K)
 Metaspace       used 131822K, committed 133184K, reserved 1171456K
  class space    used 17583K, committed 18240K, reserved 1048576K
}

